Unity Editor version:    2022.3.8f1 (b5eafc012955)
Branch:                  2022.3/staging
Build type:              Release
Batch mode:              YES
macOS version:           Version 13.0.1 (Build 22A400)
Darwin version:          22.1.0
Architecture:            arm64
Running under Rosetta:   NO
Available memory:        16384 MB
Using pre-set license
Pro License: YES

COMMAND LINE ARGUMENTS:
/Applications/Unity/Hub/Editor/2022.3.8f1/Unity.app/Contents/MacOS/Unity
-adb2
-batchMode
-noUpm
-name
AssetImportWorker0
-projectPath
/Users/gingerC/XR Decal/morgue
-logFile
Logs/AssetImportWorker0.log
-srvPort
61708
Successfully changed project path to: /Users/gingerC/XR Decal/morgue
/Users/gingerC/XR Decal/morgue
[UnityMemory] Configuration Parameters - Can be set up in boot.config
    "memorysetup-bucket-allocator-granularity=16"
    "memorysetup-bucket-allocator-bucket-count=8"
    "memorysetup-bucket-allocator-block-size=33554432"
    "memorysetup-bucket-allocator-block-count=8"
    "memorysetup-main-allocator-block-size=16777216"
    "memorysetup-thread-allocator-block-size=16777216"
    "memorysetup-gfx-main-allocator-block-size=16777216"
    "memorysetup-gfx-thread-allocator-block-size=16777216"
    "memorysetup-cache-allocator-block-size=4194304"
    "memorysetup-typetree-allocator-block-size=2097152"
    "memorysetup-profiler-bucket-allocator-granularity=16"
    "memorysetup-profiler-bucket-allocator-bucket-count=8"
    "memorysetup-profiler-bucket-allocator-block-size=33554432"
    "memorysetup-profiler-bucket-allocator-block-count=8"
    "memorysetup-profiler-allocator-block-size=16777216"
    "memorysetup-profiler-editor-allocator-block-size=1048576"
    "memorysetup-temp-allocator-size-main=16777216"
    "memorysetup-job-temp-allocator-block-size=2097152"
    "memorysetup-job-temp-allocator-block-size-background=1048576"
    "memorysetup-job-temp-allocator-reduction-small-platforms=262144"
    "memorysetup-allocator-temp-initial-block-size-main=262144"
    "memorysetup-allocator-temp-initial-block-size-worker=262144"
    "memorysetup-temp-allocator-size-background-worker=32768"
    "memorysetup-temp-allocator-size-job-worker=262144"
    "memorysetup-temp-allocator-size-preload-manager=33554432"
    "memorysetup-temp-allocator-size-nav-mesh-worker=65536"
    "memorysetup-temp-allocator-size-audio-worker=65536"
    "memorysetup-temp-allocator-size-cloud-worker=32768"
    "memorysetup-temp-allocator-size-gi-baking-worker=262144"
    "memorysetup-temp-allocator-size-gfx=262144"
Player connection [8755045632] Host "[IP] 10.0.0.94 [Port] 0 [Flags] 2 [Guid] 3157307839 [EditorId] 3157307839 [Version] 1048832 [Id] OSXEditor(0,MacBook-Air-5.local) [Debug] 1 [PackageName] OSXEditor [ProjectName] Editor" joined multi-casting on [225.0.0.222:54997]...

Player connection [8755045632] Host "[IP] 10.0.0.94 [Port] 0 [Flags] 2 [Guid] 3157307839 [EditorId] 3157307839 [Version] 1048832 [Id] OSXEditor(0,MacBook-Air-5.local) [Debug] 1 [PackageName] OSXEditor [ProjectName] Editor" joined alternative multi-casting on [225.0.0.222:34997]...

[Physics::Module] Initialized MultithreadedJobDispatcher with 7 workers.
Refreshing native plugins compatible for Editor in 23.83 ms, found 3 plugins.
Preloading 1 native plugins for Editor in 11.80 ms.
Initialize engine version: 2022.3.8f1 (b5eafc012955)
[Subsystems] Discovering subsystems at path /Applications/Unity/Hub/Editor/2022.3.8f1/Unity.app/Contents/Resources/UnitySubsystems
[Subsystems] Discovering subsystems at path /Users/gingerC/XR Decal/morgue/Assets
GfxDevice: creating device client; threaded=0; jobified=0
 preferred device: Apple M1 (high power)
Metal devices available: 1
0: Apple M1 (high power)
Using device Apple M1 (high power)
Initializing Metal device caps: Apple M1
Initialize mono
Mono path[0] = '/Applications/Unity/Hub/Editor/2022.3.8f1/Unity.app/Contents/Managed'
Mono path[1] = '/Applications/Unity/Hub/Editor/2022.3.8f1/Unity.app/Contents/MonoBleedingEdge/lib/mono/unityjit-macos'
Mono config path = '/Applications/Unity/Hub/Editor/2022.3.8f1/Unity.app/Contents/MonoBleedingEdge/etc'
Using monoOptions --debugger-agent=transport=dt_socket,embedding=1,server=y,suspend=n,address=127.0.0.1:56559
Begin MonoManager ReloadAssembly
Registering precompiled unity dll's ...
Register platform support module: /Applications/Unity/Hub/Editor/2022.3.8f1/PlaybackEngines/WebGLSupport/UnityEditor.WebGL.Extensions.dll
Register platform support module: /Applications/Unity/Hub/Editor/2022.3.8f1/Unity.app/Contents/PlaybackEngines/MacStandaloneSupport/UnityEditor.OSXStandalone.Extensions.dll
Register platform support module: /Applications/Unity/Hub/Editor/2022.3.8f1/PlaybackEngines/AndroidPlayer/UnityEditor.Android.Extensions.dll
Registered in 0.013391 seconds.
- Loaded All Assemblies, in  0.608 seconds
Native extension for Android target not found
Android Extension - Scanning For ADB Devices 159 ms
Native extension for OSXStandalone target not found
Native extension for WebGL target not found
Mono: successfully reloaded assembly
- Finished resetting the current domain, in  0.620 seconds
Domain Reload Profiling: 1228ms
	BeginReloadAssembly (132ms)
		ExecutionOrderSort (0ms)
		DisableScriptedObjects (0ms)
		BackupInstance (0ms)
		ReleaseScriptingObjects (0ms)
		CreateAndSetChildDomain (1ms)
	RebuildCommonClasses (56ms)
	RebuildNativeTypeToScriptingClass (28ms)
	initialDomainReloadingComplete (112ms)
	LoadAllAssembliesAndSetupDomain (280ms)
		LoadAssemblies (134ms)
		RebuildTransferFunctionScriptingTraits (0ms)
		AnalyzeDomain (275ms)
			TypeCache.Refresh (272ms)
				TypeCache.ScanAssembly (247ms)
			ScanForSourceGeneratedMonoScriptInfo (1ms)
			ResolveRequiredComponents (1ms)
	FinalizeReload (621ms)
		ReleaseScriptCaches (0ms)
		RebuildScriptCaches (0ms)
		SetupLoadedEditorAssemblies (529ms)
			LogAssemblyErrors (0ms)
			InitializePlatformSupportModulesInManaged (350ms)
			SetLoadedEditorAssemblies (5ms)
			RefreshPlugins (0ms)
			BeforeProcessingInitializeOnLoad (2ms)
			ProcessInitializeOnLoadAttributes (119ms)
			ProcessInitializeOnLoadMethodAttributes (53ms)
			AfterProcessingInitializeOnLoad (0ms)
			EditorAssembliesLoaded (0ms)
		ExecutionOrderSort2 (0ms)
		AwakeInstancesAfterBackupRestoration (0ms)
========================================================================
Worker process is ready to serve import requests
Begin MonoManager ReloadAssembly
- Loaded All Assemblies, in  1.160 seconds
Refreshing native plugins compatible for Editor in 5.68 ms, found 3 plugins.
Native extension for Android target not found
Native extension for OSXStandalone target not found
Native extension for WebGL target not found
Package Manager log level set to [2]
[Package Manager] Server::EnsureServerProcessIsRunning -- launch failed, reason: Unity was launched with the -noUpm command-line argument
[Package Manager] UpmClient::Send -- Unable to send message (not connected to UPM process).
[Package Manager] Cannot connect to Unity Package Manager local server
[Package Manager] Server::EnsureServerProcessIsRunning -- launch failed, reason: Unity was launched with the -noUpm command-line argument
[Package Manager] UpmClient::Send -- Unable to send message (not connected to UPM process).
[Package Manager] Cannot connect to Unity Package Manager local server
Mono: successfully reloaded assembly
[Package Manager] Server::EnsureServerProcessIsRunning -- launch failed, reason: Unity was launched with the -noUpm command-line argument
[Package Manager] UpmClient::Send -- Unable to send message (not connected to UPM process).
[Package Manager] Cannot connect to Unity Package Manager local server
[Package Manager] Server::EnsureServerProcessIsRunning -- launch failed, reason: Unity was launched with the -noUpm command-line argument
[Package Manager] UpmClient::Send -- Unable to send message (not connected to UPM process).
[Package Manager] Cannot connect to Unity Package Manager local server
- Finished resetting the current domain, in  1.061 seconds
Domain Reload Profiling: 2217ms
	BeginReloadAssembly (177ms)
		ExecutionOrderSort (0ms)
		DisableScriptedObjects (8ms)
		BackupInstance (0ms)
		ReleaseScriptingObjects (0ms)
		CreateAndSetChildDomain (34ms)
	RebuildCommonClasses (58ms)
	RebuildNativeTypeToScriptingClass (21ms)
	initialDomainReloadingComplete (63ms)
	LoadAllAssembliesAndSetupDomain (836ms)
		LoadAssemblies (535ms)
		RebuildTransferFunctionScriptingTraits (0ms)
		AnalyzeDomain (377ms)
			TypeCache.Refresh (334ms)
				TypeCache.ScanAssembly (290ms)
			ScanForSourceGeneratedMonoScriptInfo (29ms)
			ResolveRequiredComponents (13ms)
	FinalizeReload (1062ms)
		ReleaseScriptCaches (0ms)
		RebuildScriptCaches (0ms)
		SetupLoadedEditorAssemblies (737ms)
			LogAssemblyErrors (0ms)
			InitializePlatformSupportModulesInManaged (37ms)
			SetLoadedEditorAssemblies (6ms)
			RefreshPlugins (0ms)
			BeforeProcessingInitializeOnLoad (102ms)
			ProcessInitializeOnLoadAttributes (560ms)
			ProcessInitializeOnLoadMethodAttributes (29ms)
			AfterProcessingInitializeOnLoad (4ms)
			EditorAssembliesLoaded (0ms)
		ExecutionOrderSort2 (0ms)
		AwakeInstancesAfterBackupRestoration (9ms)
Launching external process: /Applications/Unity/Hub/Editor/2022.3.8f1/Unity.app/Contents/Tools/UnityShaderCompiler
Launched and connected shader compiler UnityShaderCompiler after 0.14 seconds
Refreshing native plugins compatible for Editor in 4.37 ms, found 3 plugins.
Preloading 1 native plugins for Editor in 0.48 ms.
Unloading 4230 Unused Serialized files (Serialized files now loaded: 0)
Unloading 48 unused Assets / (51.7 KB). Loaded Objects now: 4701.
Memory consumption went from 151.9 MB to 151.8 MB.
Total: 6.138250 ms (FindLiveObjects: 0.244417 ms CreateObjectMapping: 0.150875 ms MarkObjects: 5.563250 ms  DeleteObjects: 0.178500 ms)

AssetImportParameters requested are different than current active one (requested -> active):
  custom:container-demuxer-ogg: 62fdf1f143b41e24485cea50d1cbac27 -> 
  custom:video-decoder-ogg-theora: a1e56fd34408186e4bbccfd4996cb3dc -> 
  custom:CustomObjectIndexerAttribute: 756ad292c208cfabdd7b50bc23989ffe -> 
  custom:container-demuxer-webm: 4f35f7cbe854078d1ac9338744f61a02 -> 
  custom:container-muxer-webm: aa71ff27fc2769a1b78a27578f13a17b -> 
  custom:video-decoder-webm-vp8: 9c59270c3fd7afecdb556c50c9e8de78 -> 
  custom:SearchIndexIgnoredProperties: e643bd26f0fe6173181afceb89e7c659 -> 
  custom:AudioImporter_EditorPlatform: 3918e3fc78b5a79bad01e8451be0beb8 -> 
  custom:framework-osx-AVFoundation: e770b220cccbd017edd2c1fefb359320 -> 
  custom:video-encoder-webm-vp8: eb34c28f22e8b96e1ab97ce403110664 -> 
  custom:audio-decoder-ogg-vorbis: bf7c407c2cedff20999df2af8eb42d56 -> 
  custom:audio-encoder-webm-vorbis: bf7c407c2cedff20999df2af8eb42d56 -> 
========================================================================
Received Import Request.
  Time since last request: 679055.258312 seconds.
  path: Assets/Clipboard
  artifactKey: Guid(fc4e0c2f74f604df187cea440e4a0c86) Importer(815301076,1909f56bfc062723c751e8b465ee728b)
Start importing Assets/Clipboard using Guid(fc4e0c2f74f604df187cea440e4a0c86) Importer(815301076,1909f56bfc062723c751e8b465ee728b)  -> (artifact id: 'f6cab026e2387b01a68c7ee9f546977e') in 0.002282 seconds
Number of updated asset objects reloaded before import = 0
Number of asset objects unloaded after import = 0
========================================================================
Received Import Request.
  Time since last request: 0.000069 seconds.
  path: Assets/Clipboard/Prefab
  artifactKey: Guid(ba7710e372e34ed4e8e3721f1d73ead9) Importer(815301076,1909f56bfc062723c751e8b465ee728b)
Start importing Assets/Clipboard/Prefab using Guid(ba7710e372e34ed4e8e3721f1d73ead9) Importer(815301076,1909f56bfc062723c751e8b465ee728b)  -> (artifact id: '8dc788c4b69feb5f4c434a35859aca1a') in 0.000438 seconds
Number of updated asset objects reloaded before import = 0
Number of asset objects unloaded after import = 0
========================================================================
Received Import Request.
  Time since last request: 376.114414 seconds.
  path: Assets/Horror Assets/Prefabs
  artifactKey: Guid(d235edc8f20180f4cb5edf3615dfdf8f) Importer(815301076,1909f56bfc062723c751e8b465ee728b)
Start importing Assets/Horror Assets/Prefabs using Guid(d235edc8f20180f4cb5edf3615dfdf8f) Importer(815301076,1909f56bfc062723c751e8b465ee728b)  -> (artifact id: '42d03ac714c69a18ff8b04b881adf330') in 0.001542 seconds
Number of updated asset objects reloaded before import = 0
Number of asset objects unloaded after import = 0
========================================================================
Received Import Request.
  Time since last request: 0.072473 seconds.
  path: Assets/Horror Assets/Prefabs/DeadBody.prefab
  artifactKey: Guid(c79eca95e84fc8447adde70f382a3758) Importer(815301076,1909f56bfc062723c751e8b465ee728b)
Start importing Assets/Horror Assets/Prefabs/DeadBody.prefab using Guid(c79eca95e84fc8447adde70f382a3758) Importer(815301076,1909f56bfc062723c751e8b465ee728b)  -> (artifact id: '1d10268e9668791782660bbfaeef616e') in 0.524213 seconds
Number of updated asset objects reloaded before import = 0
Number of asset objects unloaded after import = 12
========================================================================
Received Import Request.
  Time since last request: 261.282220 seconds.
  path: Assets/Morgue Room PBR/Prefabs/props/autopsy_table.prefab
  artifactKey: Guid(ab4ced4914b68784d8bf02aba7918f90) Importer(815301076,1909f56bfc062723c751e8b465ee728b)
Start importing Assets/Morgue Room PBR/Prefabs/props/autopsy_table.prefab using Guid(ab4ced4914b68784d8bf02aba7918f90) Importer(815301076,1909f56bfc062723c751e8b465ee728b)  -> (artifact id: '1fb18e415ea059d83807f207b44bfa82') in 0.086460 seconds
Number of updated asset objects reloaded before import = 0
Number of asset objects unloaded after import = 12
========================================================================
Received Import Request.
  Time since last request: 0.000212 seconds.
  path: Assets/Morgue Room PBR/Prefabs/props/scissors.prefab
  artifactKey: Guid(22f5407fceb4bb74b930f5f2b49aa876) Importer(815301076,1909f56bfc062723c751e8b465ee728b)
Start importing Assets/Morgue Room PBR/Prefabs/props/scissors.prefab using Guid(22f5407fceb4bb74b930f5f2b49aa876) Importer(815301076,1909f56bfc062723c751e8b465ee728b)  -> (artifact id: 'b0d7ff2f209797554ea0dd7b0628a360') in 0.271391 seconds
Number of updated asset objects reloaded before import = 0
Number of asset objects unloaded after import = 8
========================================================================
Received Import Request.
  Time since last request: 0.000039 seconds.
  path: Assets/Morgue Room PBR/Prefabs/props/brain_jar.prefab
  artifactKey: Guid(759f41d0d03c01c42891d874400f8ffb) Importer(815301076,1909f56bfc062723c751e8b465ee728b)
Start importing Assets/Morgue Room PBR/Prefabs/props/brain_jar.prefab using Guid(759f41d0d03c01c42891d874400f8ffb) Importer(815301076,1909f56bfc062723c751e8b465ee728b)  -> (artifact id: '51650a845cc144dd9b8f572084733931') in 1.072358 seconds
Number of updated asset objects reloaded before import = 0
Number of asset objects unloaded after import = 21
========================================================================
Received Import Request.
  Time since last request: 0.000322 seconds.
  path: Assets/Morgue Room PBR/Prefabs/props/scalp.prefab
  artifactKey: Guid(80565fbeae15fa746956cf545776c7d6) Importer(815301076,1909f56bfc062723c751e8b465ee728b)
Start importing Assets/Morgue Room PBR/Prefabs/props/scalp.prefab using Guid(80565fbeae15fa746956cf545776c7d6) Importer(815301076,1909f56bfc062723c751e8b465ee728b)  -> (artifact id: '04f5468b4d8c9de5cb029b2144876d4a') in 0.009227 seconds
Number of updated asset objects reloaded before import = 0
Number of asset objects unloaded after import = 8
========================================================================
Received Import Request.
  Time since last request: 0.000168 seconds.
  path: Assets/Morgue Room PBR/Prefabs/props/ceramic_sink.prefab
  artifactKey: Guid(38c8dc4fecdb792408805686d9bf2734) Importer(815301076,1909f56bfc062723c751e8b465ee728b)
Start importing Assets/Morgue Room PBR/Prefabs/props/ceramic_sink.prefab using Guid(38c8dc4fecdb792408805686d9bf2734) Importer(815301076,1909f56bfc062723c751e8b465ee728b)  -> (artifact id: 'ec5a823b8aeea5e72a40d8c51bd78fe6') in 0.025270 seconds
Number of updated asset objects reloaded before import = 0
Number of asset objects unloaded after import = 13
========================================================================
Received Import Request.
  Time since last request: 0.002163 seconds.
  path: Assets/Morgue Room PBR/Prefabs/props/light_switch.prefab
  artifactKey: Guid(815d7be770ecebf4fab949961c955692) Importer(815301076,1909f56bfc062723c751e8b465ee728b)
Start importing Assets/Morgue Room PBR/Prefabs/props/light_switch.prefab using Guid(815d7be770ecebf4fab949961c955692) Importer(815301076,1909f56bfc062723c751e8b465ee728b)  -> (artifact id: '01a0ad2e03e4ddd606daf02c4c3b1f4f') in 0.025877 seconds
Number of updated asset objects reloaded before import = 0
Number of asset objects unloaded after import = 12
========================================================================
Received Import Request.
  Time since last request: 0.000066 seconds.
  path: Assets/Morgue Room PBR/Prefabs/props/instrument_trolley.prefab
  artifactKey: Guid(8cdaaac046ad650478307f51f1f7886e) Importer(815301076,1909f56bfc062723c751e8b465ee728b)
Start importing Assets/Morgue Room PBR/Prefabs/props/instrument_trolley.prefab using Guid(8cdaaac046ad650478307f51f1f7886e) Importer(815301076,1909f56bfc062723c751e8b465ee728b)  -> (artifact id: '814f2430fd889b731837b14ad41f34ca') in 0.016223 seconds
Number of updated asset objects reloaded before import = 0
Number of asset objects unloaded after import = 13
========================================================================
Received Import Request.
  Time since last request: 0.000048 seconds.
  path: Assets/Morgue Room PBR/Prefabs/props/table.prefab
  artifactKey: Guid(fbef12b796f48df43a7823a7858346e8) Importer(815301076,1909f56bfc062723c751e8b465ee728b)
Start importing Assets/Morgue Room PBR/Prefabs/props/table.prefab using Guid(fbef12b796f48df43a7823a7858346e8) Importer(815301076,1909f56bfc062723c751e8b465ee728b)  -> (artifact id: '582a34a9d13540e6a4dca66836672ce2') in 0.020298 seconds
Number of updated asset objects reloaded before import = 0
Number of asset objects unloaded after import = 11
========================================================================
Received Import Request.
  Time since last request: 0.000070 seconds.
  path: Assets/Morgue Room PBR/Prefabs/props/ceiling_light.prefab
  artifactKey: Guid(947e113398f058643a47464fff50cae1) Importer(815301076,1909f56bfc062723c751e8b465ee728b)
Start importing Assets/Morgue Room PBR/Prefabs/props/ceiling_light.prefab using Guid(947e113398f058643a47464fff50cae1) Importer(815301076,1909f56bfc062723c751e8b465ee728b)  -> (artifact id: '3a4ee1ad56bd61b72fd4edd2710b7fc4') in 0.014004 seconds
Number of updated asset objects reloaded before import = 0
Number of asset objects unloaded after import = 15
========================================================================
Received Import Request.
  Time since last request: 0.000066 seconds.
  path: Assets/Morgue Room PBR/Prefabs/props/glove_dispenser.prefab
  artifactKey: Guid(e0419c97f225685458a68669b159f710) Importer(815301076,1909f56bfc062723c751e8b465ee728b)
Start importing Assets/Morgue Room PBR/Prefabs/props/glove_dispenser.prefab using Guid(e0419c97f225685458a68669b159f710) Importer(815301076,1909f56bfc062723c751e8b465ee728b)  -> (artifact id: '5c631f7cf406a47a080c3fcccd3f7e28') in 0.015804 seconds
Number of updated asset objects reloaded before import = 0
Number of asset objects unloaded after import = 12
========================================================================
Received Import Request.
  Time since last request: 0.000062 seconds.
  path: Assets/Morgue Room PBR/Prefabs/props/photo_frame.prefab
  artifactKey: Guid(8555b5e3674ee2a49b8206c8ce692744) Importer(815301076,1909f56bfc062723c751e8b465ee728b)
Start importing Assets/Morgue Room PBR/Prefabs/props/photo_frame.prefab using Guid(8555b5e3674ee2a49b8206c8ce692744) Importer(815301076,1909f56bfc062723c751e8b465ee728b)  -> (artifact id: '7fefe299c97de3a3369b336179d6ff2a') in 0.015014 seconds
Number of updated asset objects reloaded before import = 0
Number of asset objects unloaded after import = 13
========================================================================
Received Import Request.
  Time since last request: 0.000057 seconds.
  path: Assets/Morgue Room PBR/Prefabs/props/metal_sink.prefab
  artifactKey: Guid(9ea3ce9ce36004e46b39c1080f65ab2e) Importer(815301076,1909f56bfc062723c751e8b465ee728b)
Start importing Assets/Morgue Room PBR/Prefabs/props/metal_sink.prefab using Guid(9ea3ce9ce36004e46b39c1080f65ab2e) Importer(815301076,1909f56bfc062723c751e8b465ee728b)  -> (artifact id: '785a96d312daece64197e4993a79362f') in 0.012707 seconds
Number of updated asset objects reloaded before import = 0
Number of asset objects unloaded after import = 12
========================================================================
Received Import Request.
  Time since last request: 0.000079 seconds.
  path: Assets/Morgue Room PBR/Prefabs/props/cabinet.prefab
  artifactKey: Guid(b09e95949a2b3cf489baf6fd2307361e) Importer(815301076,1909f56bfc062723c751e8b465ee728b)
Start importing Assets/Morgue Room PBR/Prefabs/props/cabinet.prefab using Guid(b09e95949a2b3cf489baf6fd2307361e) Importer(815301076,1909f56bfc062723c751e8b465ee728b)  -> (artifact id: '5b63da741094e001108e70ee0e7660d3') in 0.024110 seconds
Number of updated asset objects reloaded before import = 0
Number of asset objects unloaded after import = 25
========================================================================
Received Import Request.
  Time since last request: 0.000067 seconds.
  path: Assets/Morgue Room PBR/Prefabs/props/desk_lamp.prefab
  artifactKey: Guid(59b97e3a69ff1354e9d33792cf344de8) Importer(815301076,1909f56bfc062723c751e8b465ee728b)
Start importing Assets/Morgue Room PBR/Prefabs/props/desk_lamp.prefab using Guid(59b97e3a69ff1354e9d33792cf344de8) Importer(815301076,1909f56bfc062723c751e8b465ee728b)  -> (artifact id: '9c806b6bdeabedc51a4378d879df7a98') in 0.544824 seconds
Number of updated asset objects reloaded before import = 0
Number of asset objects unloaded after import = 31
========================================================================
Received Import Request.
  Time since last request: 47.491356 seconds.
  path: Assets/Morgue Room PBR/Prefabs/ceiling/floor_ceiling_4x4.prefab
  artifactKey: Guid(5c9fcce56ce141242b4795f96796d784) Importer(815301076,1909f56bfc062723c751e8b465ee728b)
Start importing Assets/Morgue Room PBR/Prefabs/ceiling/floor_ceiling_4x4.prefab using Guid(5c9fcce56ce141242b4795f96796d784) Importer(815301076,1909f56bfc062723c751e8b465ee728b)  -> (artifact id: '74ce9cf711078131eff1eaa713768b7f') in 0.019298 seconds
Number of updated asset objects reloaded before import = 0
Number of asset objects unloaded after import = 12
========================================================================
Received Import Request.
  Time since last request: 0.000063 seconds.
  path: Assets/Morgue Room PBR/Prefabs/ceiling/floor_ceiling_8x16.prefab
  artifactKey: Guid(24862cb6c23a09a4bafd3f687430b163) Importer(815301076,1909f56bfc062723c751e8b465ee728b)
Start importing Assets/Morgue Room PBR/Prefabs/ceiling/floor_ceiling_8x16.prefab using Guid(24862cb6c23a09a4bafd3f687430b163) Importer(815301076,1909f56bfc062723c751e8b465ee728b)  -> (artifact id: '0d4827b7112460265943828dd35d3b07') in 0.010645 seconds
Number of updated asset objects reloaded before import = 0
Number of asset objects unloaded after import = 12
========================================================================
Received Import Request.
  Time since last request: 4.797472 seconds.
  path: Assets/devotid
  artifactKey: Guid(6b91446e92ea5477fae0cb2ed73d5434) Importer(815301076,1909f56bfc062723c751e8b465ee728b)
Start importing Assets/devotid using Guid(6b91446e92ea5477fae0cb2ed73d5434) Importer(815301076,1909f56bfc062723c751e8b465ee728b)  -> (artifact id: '5f3e2e7ddaaabfb4d1c06e0214b1aab5') in 0.000578 seconds
Number of updated asset objects reloaded before import = 0
Number of asset objects unloaded after import = 0
========================================================================
Received Import Request.
  Time since last request: 0.798340 seconds.
  path: Assets/devotid/Lighter
  artifactKey: Guid(2e2215c3fea344046856d2b64876acb7) Importer(815301076,1909f56bfc062723c751e8b465ee728b)
Start importing Assets/devotid/Lighter using Guid(2e2215c3fea344046856d2b64876acb7) Importer(815301076,1909f56bfc062723c751e8b465ee728b)  -> (artifact id: '4fb67e00f7ac8b8c93bfdff780ca4b1e') in 0.001887 seconds
Number of updated asset objects reloaded before import = 0
Number of asset objects unloaded after import = 0
========================================================================
Received Import Request.
  Time since last request: 9.570406 seconds.
  path: Assets/Samples
  artifactKey: Guid(6abb038475d1941bfa197f7d7cd72d3a) Importer(815301076,1909f56bfc062723c751e8b465ee728b)
Start importing Assets/Samples using Guid(6abb038475d1941bfa197f7d7cd72d3a) Importer(815301076,1909f56bfc062723c751e8b465ee728b)  -> (artifact id: '424a3538d8165796b06cd5325eff639a') in 0.000351 seconds
Number of updated asset objects reloaded before import = 0
Number of asset objects unloaded after import = 0
========================================================================
Received Import Request.
  Time since last request: 67.728759 seconds.
  path: Assets/Models
  artifactKey: Guid(2f68939ad3f0848f1881e63595c9e576) Importer(815301076,1909f56bfc062723c751e8b465ee728b)
Start importing Assets/Models using Guid(2f68939ad3f0848f1881e63595c9e576) Importer(815301076,1909f56bfc062723c751e8b465ee728b)  -> (artifact id: '3b00a1d72236d21cb870d896c7717fee') in 0.001709 seconds
Number of updated asset objects reloaded before import = 0
Number of asset objects unloaded after import = 0
========================================================================
Received Import Request.
  Time since last request: 1.141967 seconds.
  path: Assets/Models/School Supplies
  artifactKey: Guid(f3ad17a14babf42d8b6d0c80b38d5de8) Importer(815301076,1909f56bfc062723c751e8b465ee728b)
Start importing Assets/Models/School Supplies using Guid(f3ad17a14babf42d8b6d0c80b38d5de8) Importer(815301076,1909f56bfc062723c751e8b465ee728b)  -> (artifact id: 'd105692a047095ff76bbe93801566f00') in 0.000393 seconds
Number of updated asset objects reloaded before import = 0
Number of asset objects unloaded after import = 0
========================================================================
Received Import Request.
  Time since last request: 0.104545 seconds.
  path: Assets/Models/School Supplies/Eraser.prefab
  artifactKey: Guid(1e9452c2e358b30408e6165e6d56053d) Importer(815301076,1909f56bfc062723c751e8b465ee728b)
Start importing Assets/Models/School Supplies/Eraser.prefab using Guid(1e9452c2e358b30408e6165e6d56053d) Importer(815301076,1909f56bfc062723c751e8b465ee728b)  -> (artifact id: '76f13797ba285cf6ca293f27b5f6c69a') in 0.355032 seconds
Number of updated asset objects reloaded before import = 0
Number of asset objects unloaded after import = 11
========================================================================
Received Import Request.
  Time since last request: 0.000057 seconds.
  path: Assets/Models/School Supplies/Pen.prefab
  artifactKey: Guid(0bc9f3e0b20fe984697b880329a181fd) Importer(815301076,1909f56bfc062723c751e8b465ee728b)
Start importing Assets/Models/School Supplies/Pen.prefab using Guid(0bc9f3e0b20fe984697b880329a181fd) Importer(815301076,1909f56bfc062723c751e8b465ee728b)  -> (artifact id: '2d48c8a5b934f49a70b91ec79d9f582f') in 0.596524 seconds
Number of updated asset objects reloaded before import = 0
Number of asset objects unloaded after import = 17
========================================================================
Received Import Request.
  Time since last request: 1.693531 seconds.
  path: Assets/Models/School Supplies/Models
  artifactKey: Guid(dd720b6485cf9ae459afbac9992f5bb9) Importer(815301076,1909f56bfc062723c751e8b465ee728b)
Start importing Assets/Models/School Supplies/Models using Guid(dd720b6485cf9ae459afbac9992f5bb9) Importer(815301076,1909f56bfc062723c751e8b465ee728b)  -> (artifact id: '5895db29356c3b9c9065fd9cc66a79db') in 0.000415 seconds
Number of updated asset objects reloaded before import = 0
Number of asset objects unloaded after import = 0
========================================================================
Received Import Request.
  Time since last request: 1.066040 seconds.
  path: Assets/Models/School Supplies/Models/eraser.fbx
  artifactKey: Guid(86b4425c38d309a428a3e9d49108b180) Importer(815301076,1909f56bfc062723c751e8b465ee728b)
Start importing Assets/Models/School Supplies/Models/eraser.fbx using Guid(86b4425c38d309a428a3e9d49108b180) Importer(815301076,1909f56bfc062723c751e8b465ee728b)  -> (artifact id: '993918af7c99a62c1e17e834c626c2b7') in 0.098490 seconds
Number of updated asset objects reloaded before import = 0
Number of asset objects unloaded after import = 10
========================================================================
Received Import Request.
  Time since last request: 0.000055 seconds.
  path: Assets/Models/School Supplies/Models/pen.fbx
  artifactKey: Guid(7d5eed7726604d242947a41ad7fb329c) Importer(815301076,1909f56bfc062723c751e8b465ee728b)
Start importing Assets/Models/School Supplies/Models/pen.fbx using Guid(7d5eed7726604d242947a41ad7fb329c) Importer(815301076,1909f56bfc062723c751e8b465ee728b)  -> (artifact id: 'dae43532ef71ef988e07916107a21aff') in 0.033152 seconds
Number of updated asset objects reloaded before import = 0
Number of asset objects unloaded after import = 16
========================================================================
Received Import Request.
  Time since last request: 0.000219 seconds.
  path: Assets/Models/School Supplies/Models/pencil.fbx
  artifactKey: Guid(549e87c5a868af84eb47f6a36e71037d) Importer(815301076,1909f56bfc062723c751e8b465ee728b)
Start importing Assets/Models/School Supplies/Models/pencil.fbx using Guid(549e87c5a868af84eb47f6a36e71037d) Importer(815301076,1909f56bfc062723c751e8b465ee728b)  -> (artifact id: 'c7d509b3d7c28e84d36ddfb22e9ca53a') in 0.017307 seconds
Number of updated asset objects reloaded before import = 0
Number of asset objects unloaded after import = 10
========================================================================
Received Import Request.
  Time since last request: 122.307631 seconds.
  path: Assets/Models/School Supplies/Demo Scene/showroom.mat
  artifactKey: Guid(5265f9bb46ba7304e9d300f0891d52ba) Importer(815301076,1909f56bfc062723c751e8b465ee728b)
Start importing Assets/Models/School Supplies/Demo Scene/showroom.mat using Guid(5265f9bb46ba7304e9d300f0891d52ba) Importer(815301076,1909f56bfc062723c751e8b465ee728b)  -> (artifact id: 'b3fe839e0c458e2f3051c1252392a02a') in 0.080417 seconds
Number of updated asset objects reloaded before import = 0
Number of asset objects unloaded after import = 1
========================================================================
Received Import Request.
  Time since last request: 5.269631 seconds.
  path: Assets/Morgue Room PBR/Models
  artifactKey: Guid(0d05158fc22c6264cbafa60860612b56) Importer(815301076,1909f56bfc062723c751e8b465ee728b)
Start importing Assets/Morgue Room PBR/Models using Guid(0d05158fc22c6264cbafa60860612b56) Importer(815301076,1909f56bfc062723c751e8b465ee728b)  -> (artifact id: '9ba83cba07215e859c8ed644a77f10a1') in 0.000376 seconds
Number of updated asset objects reloaded before import = 0
Number of asset objects unloaded after import = 0
========================================================================
Received Import Request.
  Time since last request: 1.647512 seconds.
  path: Assets/Morgue Room PBR/Models/props
  artifactKey: Guid(4914255aa64fed54880b100fb3cbeeff) Importer(815301076,1909f56bfc062723c751e8b465ee728b)
Start importing Assets/Morgue Room PBR/Models/props using Guid(4914255aa64fed54880b100fb3cbeeff) Importer(815301076,1909f56bfc062723c751e8b465ee728b)  -> (artifact id: '28513e0a894c666634a36eceb4301ec4') in 0.000369 seconds
Number of updated asset objects reloaded before import = 0
Number of asset objects unloaded after import = 0
========================================================================
Received Import Request.
  Time since last request: 0.114409 seconds.
  path: Assets/Morgue Room PBR/Models/props/autopsy_table.fbx
  artifactKey: Guid(7abc69a455d45e844829398bf6780240) Importer(815301076,1909f56bfc062723c751e8b465ee728b)
Start importing Assets/Morgue Room PBR/Models/props/autopsy_table.fbx using Guid(7abc69a455d45e844829398bf6780240) Importer(815301076,1909f56bfc062723c751e8b465ee728b)  -> (artifact id: '889aeeb81b37066f5dee0b5afffe3ab8') in 0.012065 seconds
Number of updated asset objects reloaded before import = 0
Number of asset objects unloaded after import = 8
========================================================================
Received Import Request.
  Time since last request: 0.000056 seconds.
  path: Assets/Morgue Room PBR/Models/props/instrument_trolley.fbx
  artifactKey: Guid(4ebaa1f9ba6ae3341b9e6bc74a1b8bfa) Importer(815301076,1909f56bfc062723c751e8b465ee728b)
Start importing Assets/Morgue Room PBR/Models/props/instrument_trolley.fbx using Guid(4ebaa1f9ba6ae3341b9e6bc74a1b8bfa) Importer(815301076,1909f56bfc062723c751e8b465ee728b)  -> (artifact id: 'b55b0510f82f5de97c9b56b912e4c3d3') in 0.009101 seconds
Number of updated asset objects reloaded before import = 0
Number of asset objects unloaded after import = 8
========================================================================
Received Import Request.
  Time since last request: 0.000061 seconds.
  path: Assets/Morgue Room PBR/Models/props/writing_board.fbx
  artifactKey: Guid(968123130adc6ca489ca18c940488a49) Importer(815301076,1909f56bfc062723c751e8b465ee728b)
Start importing Assets/Morgue Room PBR/Models/props/writing_board.fbx using Guid(968123130adc6ca489ca18c940488a49) Importer(815301076,1909f56bfc062723c751e8b465ee728b)  -> (artifact id: '79c580e6c19d57c9a79739b4b1304dc2') in 0.014607 seconds
Number of updated asset objects reloaded before import = 0
Number of asset objects unloaded after import = 8
========================================================================
Received Import Request.
  Time since last request: 0.000138 seconds.
  path: Assets/Morgue Room PBR/Models/props/ceramic_sink.fbx
  artifactKey: Guid(7cdbbff042a3dd4439358ffcfc7194fb) Importer(815301076,1909f56bfc062723c751e8b465ee728b)
Start importing Assets/Morgue Room PBR/Models/props/ceramic_sink.fbx using Guid(7cdbbff042a3dd4439358ffcfc7194fb) Importer(815301076,1909f56bfc062723c751e8b465ee728b)  -> (artifact id: 'd383a130cd5dff0cd53265be4690cd22') in 0.011060 seconds
Number of updated asset objects reloaded before import = 0
Number of asset objects unloaded after import = 8
========================================================================
Received Import Request.
  Time since last request: 0.000137 seconds.
  path: Assets/Morgue Room PBR/Models/props/light_switch.fbx
  artifactKey: Guid(792b4f3dd7e4cc44886e24bfc63e3ef2) Importer(815301076,1909f56bfc062723c751e8b465ee728b)
Start importing Assets/Morgue Room PBR/Models/props/light_switch.fbx using Guid(792b4f3dd7e4cc44886e24bfc63e3ef2) Importer(815301076,1909f56bfc062723c751e8b465ee728b)  -> (artifact id: '40ab5c494b857076de330e9afe6751f4') in 0.008532 seconds
Number of updated asset objects reloaded before import = 0
Number of asset objects unloaded after import = 8
========================================================================
Received Import Request.
  Time since last request: 0.000082 seconds.
  path: Assets/Morgue Room PBR/Models/props/glove_dispenser.fbx
  artifactKey: Guid(e5239a8c4fd0bc34bbabb952ccb0cc2e) Importer(815301076,1909f56bfc062723c751e8b465ee728b)
Start importing Assets/Morgue Room PBR/Models/props/glove_dispenser.fbx using Guid(e5239a8c4fd0bc34bbabb952ccb0cc2e) Importer(815301076,1909f56bfc062723c751e8b465ee728b)  -> (artifact id: '0e80dc0464e2a545f1651161d9b0054c') in 0.013124 seconds
Number of updated asset objects reloaded before import = 0
Number of asset objects unloaded after import = 8
========================================================================
Received Import Request.
  Time since last request: 0.000064 seconds.
  path: Assets/Morgue Room PBR/Models/props/brain.fbx
  artifactKey: Guid(1715ae5ba3dc1114aa152df0dff9b4e1) Importer(815301076,1909f56bfc062723c751e8b465ee728b)
Start importing Assets/Morgue Room PBR/Models/props/brain.fbx using Guid(1715ae5ba3dc1114aa152df0dff9b4e1) Importer(815301076,1909f56bfc062723c751e8b465ee728b)  -> (artifact id: 'caea52439a3d5b0c5a0ec9a620af81a3') in 0.008812 seconds
Number of updated asset objects reloaded before import = 0
Number of asset objects unloaded after import = 8
========================================================================
Received Import Request.
  Time since last request: 0.000171 seconds.
  path: Assets/Morgue Room PBR/Models/props/trash_can.fbx
  artifactKey: Guid(fc2c4c6b3f214fb41aa203e2cf5b5e37) Importer(815301076,1909f56bfc062723c751e8b465ee728b)
Start importing Assets/Morgue Room PBR/Models/props/trash_can.fbx using Guid(fc2c4c6b3f214fb41aa203e2cf5b5e37) Importer(815301076,1909f56bfc062723c751e8b465ee728b)  -> (artifact id: '920ced16d9f3253e765b0f7a1853d003') in 0.010427 seconds
Number of updated asset objects reloaded before import = 0
Number of asset objects unloaded after import = 8
========================================================================
Received Import Request.
  Time since last request: 0.000109 seconds.
  path: Assets/Morgue Room PBR/Models/props/pencil_holder.fbx
  artifactKey: Guid(f81e2b0c3ca151946a3c0c1645b3337a) Importer(815301076,1909f56bfc062723c751e8b465ee728b)
Start importing Assets/Morgue Room PBR/Models/props/pencil_holder.fbx using Guid(f81e2b0c3ca151946a3c0c1645b3337a) Importer(815301076,1909f56bfc062723c751e8b465ee728b)  -> (artifact id: 'e46b94a0583c415573411b00b7b2c249') in 0.011100 seconds
Number of updated asset objects reloaded before import = 0
Number of asset objects unloaded after import = 8
========================================================================
Received Import Request.
  Time since last request: 0.000176 seconds.
  path: Assets/Morgue Room PBR/Models/props/organ_scale.fbx
  artifactKey: Guid(b1454f4659db5eb46a25e8542c8144ab) Importer(815301076,1909f56bfc062723c751e8b465ee728b)
Start importing Assets/Morgue Room PBR/Models/props/organ_scale.fbx using Guid(b1454f4659db5eb46a25e8542c8144ab) Importer(815301076,1909f56bfc062723c751e8b465ee728b)  -> (artifact id: '8a0fd2dc44b1514dafef47f6a817ec56') in 0.011222 seconds
Number of updated asset objects reloaded before import = 0
Number of asset objects unloaded after import = 8
========================================================================
Received Import Request.
  Time since last request: 0.000449 seconds.
  path: Assets/Morgue Room PBR/Models/props/corpse_drawer.fbx
  artifactKey: Guid(13bfd1087ab16c449aff52fb14fe867f) Importer(815301076,1909f56bfc062723c751e8b465ee728b)
Start importing Assets/Morgue Room PBR/Models/props/corpse_drawer.fbx using Guid(13bfd1087ab16c449aff52fb14fe867f) Importer(815301076,1909f56bfc062723c751e8b465ee728b)  -> (artifact id: '2fa2cca632babd61b767dbba3b4a361b') in 0.045845 seconds
Number of updated asset objects reloaded before import = 0
Number of asset objects unloaded after import = 25
========================================================================
Received Import Request.
  Time since last request: 0.000132 seconds.
  path: Assets/Morgue Room PBR/Models/props/pencil.fbx
  artifactKey: Guid(513ee5d0665f31347b2c4cefeac1df5b) Importer(815301076,1909f56bfc062723c751e8b465ee728b)
Start importing Assets/Morgue Room PBR/Models/props/pencil.fbx using Guid(513ee5d0665f31347b2c4cefeac1df5b) Importer(815301076,1909f56bfc062723c751e8b465ee728b)  -> (artifact id: '93e01de73bf5cd4280784e101bd3a959') in 0.011944 seconds
Number of updated asset objects reloaded before import = 0
Number of asset objects unloaded after import = 8
========================================================================
Received Import Request.
  Time since last request: 0.000167 seconds.
  path: Assets/Morgue Room PBR/Models/props/photo_frame.fbx
  artifactKey: Guid(8329db4d33f1198408ab313c5d861966) Importer(815301076,1909f56bfc062723c751e8b465ee728b)
Start importing Assets/Morgue Room PBR/Models/props/photo_frame.fbx using Guid(8329db4d33f1198408ab313c5d861966) Importer(815301076,1909f56bfc062723c751e8b465ee728b)  -> (artifact id: '6778ad34f59c65d6045efae2a57256e3') in 0.009370 seconds
Number of updated asset objects reloaded before import = 0
Number of asset objects unloaded after import = 9
========================================================================
Received Import Request.
  Time since last request: 7.900860 seconds.
  path: Assets/Morgue Room PBR/Prefabs/props
  artifactKey: Guid(d50790c0daac26a46aa2c4e09eb5642f) Importer(815301076,1909f56bfc062723c751e8b465ee728b)
Start importing Assets/Morgue Room PBR/Prefabs/props using Guid(d50790c0daac26a46aa2c4e09eb5642f) Importer(815301076,1909f56bfc062723c751e8b465ee728b)  -> (artifact id: '63ff454577b7fb7c050dc3e4b5cc012d') in 0.000394 seconds
Number of updated asset objects reloaded before import = 0
Number of asset objects unloaded after import = 0
========================================================================
Received Import Request.
  Time since last request: 14.741747 seconds.
  path: Assets/devotid/Lighter/Prefabs
  artifactKey: Guid(4aac83641e5021245af5ba875fe09db7) Importer(815301076,1909f56bfc062723c751e8b465ee728b)
Start importing Assets/devotid/Lighter/Prefabs using Guid(4aac83641e5021245af5ba875fe09db7) Importer(815301076,1909f56bfc062723c751e8b465ee728b)  -> (artifact id: '7a0825a803c2616b64cee21057bba7b3') in 0.000329 seconds
Number of updated asset objects reloaded before import = 0
Number of asset objects unloaded after import = 0
========================================================================
Received Import Request.
  Time since last request: 0.074944 seconds.
  path: Assets/devotid/Lighter/Prefabs/Lighter_Prefab.prefab
  artifactKey: Guid(4ef4628f5f55fbd43b9fd014cc065b34) Importer(815301076,1909f56bfc062723c751e8b465ee728b)
Start importing Assets/devotid/Lighter/Prefabs/Lighter_Prefab.prefab using Guid(4ef4628f5f55fbd43b9fd014cc065b34) Importer(815301076,1909f56bfc062723c751e8b465ee728b)  -> (artifact id: 'a5932b8d3d7a8b873118c78a95a29b72') in 0.175812 seconds
Number of updated asset objects reloaded before import = 0
Number of asset objects unloaded after import = 29
