Unity Editor version:    2022.3.8f1 (b5eafc012955)
Branch:                  2022.3/staging
Build type:              Release
Batch mode:              YES
macOS version:           Version 13.0.1 (Build 22A400)
Darwin version:          22.1.0
Architecture:            arm64
Running under Rosetta:   NO
Available memory:        16384 MB
Using pre-set license
Pro License: YES

COMMAND LINE ARGUMENTS:
/Applications/Unity/Hub/Editor/2022.3.8f1/Unity.app/Contents/MacOS/Unity
-adb2
-batchMode
-noUpm
-name
AssetImportWorker0
-projectPath
/Users/gingerC/XR Decal/morgue
-logFile
Logs/AssetImportWorker0.log
-srvPort
60239
Successfully changed project path to: /Users/gingerC/XR Decal/morgue
/Users/gingerC/XR Decal/morgue
[UnityMemory] Configuration Parameters - Can be set up in boot.config
    "memorysetup-bucket-allocator-granularity=16"
    "memorysetup-bucket-allocator-bucket-count=8"
    "memorysetup-bucket-allocator-block-size=33554432"
    "memorysetup-bucket-allocator-block-count=8"
    "memorysetup-main-allocator-block-size=16777216"
    "memorysetup-thread-allocator-block-size=16777216"
    "memorysetup-gfx-main-allocator-block-size=16777216"
    "memorysetup-gfx-thread-allocator-block-size=16777216"
    "memorysetup-cache-allocator-block-size=4194304"
    "memorysetup-typetree-allocator-block-size=2097152"
    "memorysetup-profiler-bucket-allocator-granularity=16"
    "memorysetup-profiler-bucket-allocator-bucket-count=8"
    "memorysetup-profiler-bucket-allocator-block-size=33554432"
    "memorysetup-profiler-bucket-allocator-block-count=8"
    "memorysetup-profiler-allocator-block-size=16777216"
    "memorysetup-profiler-editor-allocator-block-size=1048576"
    "memorysetup-temp-allocator-size-main=16777216"
    "memorysetup-job-temp-allocator-block-size=2097152"
    "memorysetup-job-temp-allocator-block-size-background=1048576"
    "memorysetup-job-temp-allocator-reduction-small-platforms=262144"
    "memorysetup-allocator-temp-initial-block-size-main=262144"
    "memorysetup-allocator-temp-initial-block-size-worker=262144"
    "memorysetup-temp-allocator-size-background-worker=32768"
    "memorysetup-temp-allocator-size-job-worker=262144"
    "memorysetup-temp-allocator-size-preload-manager=33554432"
    "memorysetup-temp-allocator-size-nav-mesh-worker=65536"
    "memorysetup-temp-allocator-size-audio-worker=65536"
    "memorysetup-temp-allocator-size-cloud-worker=32768"
    "memorysetup-temp-allocator-size-gi-baking-worker=262144"
    "memorysetup-temp-allocator-size-gfx=262144"
Player connection [8124671232] Host "[IP] 10.41.83.212 [Port] 0 [Flags] 2 [Guid] 2705314508 [EditorId] 2705314508 [Version] 1048832 [Id] OSXEditor(0,wifi-10-41-83-212.wifi.berkeley.edu) [Debug] 1 [PackageName] OSXEditor [ProjectName] Editor" joined multi-casting on [225.0.0.222:54997]...

Player connection [8124671232] Host "[IP] 10.41.83.212 [Port] 0 [Flags] 2 [Guid] 2705314508 [EditorId] 2705314508 [Version] 1048832 [Id] OSXEditor(0,wifi-10-41-83-212.wifi.berkeley.edu) [Debug] 1 [PackageName] OSXEditor [ProjectName] Editor" joined alternative multi-casting on [225.0.0.222:34997]...

[Physics::Module] Initialized MultithreadedJobDispatcher with 7 workers.
Refreshing native plugins compatible for Editor in 18.00 ms, found 3 plugins.
Preloading 1 native plugins for Editor in 6.56 ms.
Initialize engine version: 2022.3.8f1 (b5eafc012955)
[Subsystems] Discovering subsystems at path /Applications/Unity/Hub/Editor/2022.3.8f1/Unity.app/Contents/Resources/UnitySubsystems
[Subsystems] Discovering subsystems at path /Users/gingerC/XR Decal/morgue/Assets
GfxDevice: creating device client; threaded=0; jobified=0
 preferred device: Apple M1 (high power)
Metal devices available: 1
0: Apple M1 (high power)
Using device Apple M1 (high power)
Initializing Metal device caps: Apple M1
Initialize mono
Mono path[0] = '/Applications/Unity/Hub/Editor/2022.3.8f1/Unity.app/Contents/Managed'
Mono path[1] = '/Applications/Unity/Hub/Editor/2022.3.8f1/Unity.app/Contents/MonoBleedingEdge/lib/mono/unityjit-macos'
Mono config path = '/Applications/Unity/Hub/Editor/2022.3.8f1/Unity.app/Contents/MonoBleedingEdge/etc'
Using monoOptions --debugger-agent=transport=dt_socket,embedding=1,server=y,suspend=n,address=127.0.0.1:56419
Begin MonoManager ReloadAssembly
Registering precompiled unity dll's ...
Register platform support module: /Applications/Unity/Hub/Editor/2022.3.8f1/PlaybackEngines/WebGLSupport/UnityEditor.WebGL.Extensions.dll
Register platform support module: /Applications/Unity/Hub/Editor/2022.3.8f1/Unity.app/Contents/PlaybackEngines/MacStandaloneSupport/UnityEditor.OSXStandalone.Extensions.dll
Register platform support module: /Applications/Unity/Hub/Editor/2022.3.8f1/PlaybackEngines/AndroidPlayer/UnityEditor.Android.Extensions.dll
Registered in 0.005580 seconds.
- Loaded All Assemblies, in  0.541 seconds
Native extension for Android target not found
Android Extension - Scanning For ADB Devices 146 ms
Native extension for OSXStandalone target not found
Native extension for WebGL target not found
Mono: successfully reloaded assembly
- Finished resetting the current domain, in  0.676 seconds
Domain Reload Profiling: 1217ms
	BeginReloadAssembly (106ms)
		ExecutionOrderSort (0ms)
		DisableScriptedObjects (0ms)
		BackupInstance (0ms)
		ReleaseScriptingObjects (0ms)
		CreateAndSetChildDomain (1ms)
	RebuildCommonClasses (41ms)
	RebuildNativeTypeToScriptingClass (14ms)
	initialDomainReloadingComplete (59ms)
	LoadAllAssembliesAndSetupDomain (320ms)
		LoadAssemblies (107ms)
		RebuildTransferFunctionScriptingTraits (0ms)
		AnalyzeDomain (317ms)
			TypeCache.Refresh (314ms)
				TypeCache.ScanAssembly (286ms)
			ScanForSourceGeneratedMonoScriptInfo (1ms)
			ResolveRequiredComponents (1ms)
	FinalizeReload (677ms)
		ReleaseScriptCaches (0ms)
		RebuildScriptCaches (0ms)
		SetupLoadedEditorAssemblies (554ms)
			LogAssemblyErrors (0ms)
			InitializePlatformSupportModulesInManaged (335ms)
			SetLoadedEditorAssemblies (7ms)
			RefreshPlugins (0ms)
			BeforeProcessingInitializeOnLoad (3ms)
			ProcessInitializeOnLoadAttributes (144ms)
			ProcessInitializeOnLoadMethodAttributes (64ms)
			AfterProcessingInitializeOnLoad (0ms)
			EditorAssembliesLoaded (0ms)
		ExecutionOrderSort2 (0ms)
		AwakeInstancesAfterBackupRestoration (0ms)
Compilation Pipeline: Could not read file Packages/com.unity.xr.interaction.toolkit/Tests/Editor/Unity.XR.Interaction.Toolkit.Editor.Tests.asmdef
Fatal Error! Compilation Pipeline: Could not read file Packages/com.unity.xr.interaction.toolkit/Tests/Editor/Unity.XR.Interaction.Toolkit.Editor.Tests.asmdef
Obtained 35 stack frames.
#0  0x00000188d4f224 in __pthread_kill
#1  0xf118800188cbf2c8 in abort
#2  0x2a0d0001075406e4 in __cxx_global_var_init.3
#3  0x00000106130760 in EditorMonoConsole::LogToConsoleImplementation(CppLogEntry&)
#4  0x0000010612fe2c in EditorMonoConsole::LogToConsoleImplementation(DebugStringToFileData const&)
#5  0x00000106131a48 in LogToConsoleImplementation(DebugStringToFileData const&)
#6  0x00000106e8d4f0 in DebugStringToFilePostprocessedStacktrace(DebugStringToFileData const&)
#7  0x00000106e8da88 in DebugStringToFile(DebugStringToFileData const&)
#8  0x00000106632c8c in RegisterAssemblyDefinition(core::basic_string<char, core::StringStorageDefault<char> > const&)
#9  0x00000106a1d318 in UpdateScriptCompilationPipelineCaches(ScriptChanges const&, bool)
#10 0x00000106a1db80 in WorkerInitializeAndProcessScriptChanges()
#11 0x000001062bf52c in Application::InitializeProject()
#12 0x0000010754bed8 in -[EditorApplication applicationDidFinishLaunching:]
#13 0x00000188e5a58c in __CFNOTIFICATIONCENTER_IS_CALLING_OUT_TO_AN_OBSERVER__
#14 0x1739800188ef8074 in ___CFXRegistrationPost_block_invoke
#15 0xa21b800188ef7fbc in _CFXRegistrationPost
#16 0xa12c800188e2bbac in _CFXNotificationPost
#17 0xd52800189d1872c in -[NSNotificationCenter postNotificationName:object:userInfo:]
#18 0x885400018c0c3a1c in -[NSApplication _postDidFinishNotification]
#19 0x353300018c0c37cc in -[NSApplication _sendFinishLaunchingNotification]
#20 0x82880018c0c1860 in -[NSApplication(NSAppleEventHandling) _handleAEOpenEvent:]
#21 0xe21980018c0c146c in -[NSApplication(NSAppleEventHandling) _handleCoreEvent:withReplyEvent:]
#22 0xe631800189d429d8 in -[NSAppleEventManager dispatchRawAppleEvent:withRawReply:handlerRefCon:]
#23 0xfc30800189d42838 in _NSAppleEventManagerGenericHandler
#24 0x205080018f178874 in _AppleEventsCheckInAppWithBlock
#25 0x233300018f1781a0 in _AppleEventsCheckInAppWithBlock
#26 0x602a80018f171240 in aeProcessAppleEvent
#27 0x832a8001924e8928 in AEProcessAppleEvent
#28 0xac3600018c0bc93c in _DPSNextEvent
#29 0x662880018c0bb7c0 in -[NSApplication(NSEvent) _nextEventMatchingEventMask:untilDate:inMode:dequeue:]
#30 0x65700018c0afbf0 in -[NSApplication run]
#31 0x656e00018c087058 in NSApplicationMain
#32 0xb56d000107565840 in EditorMain(int, char const**)
#33 0x00000107565b8c in main
#34 0x00000188a5be50 in start
