Unity Editor version:    2022.3.8f1 (b5eafc012955)
Branch:                  2022.3/staging
Build type:              Release
Batch mode:              YES
macOS version:           Version 13.0.1 (Build 22A400)
Darwin version:          22.1.0
Architecture:            arm64
Running under Rosetta:   NO
Available memory:        16384 MB
Using pre-set license
Pro License: YES

COMMAND LINE ARGUMENTS:
/Applications/Unity/Hub/Editor/2022.3.8f1/Unity.app/Contents/MacOS/Unity
-adb2
-batchMode
-noUpm
-name
AssetImportWorker1
-projectPath
/Users/gingerC/XR Decal/morgue
-logFile
Logs/AssetImportWorker1.log
-srvPort
61708
Successfully changed project path to: /Users/gingerC/XR Decal/morgue
/Users/gingerC/XR Decal/morgue
[UnityMemory] Configuration Parameters - Can be set up in boot.config
    "memorysetup-bucket-allocator-granularity=16"
    "memorysetup-bucket-allocator-bucket-count=8"
    "memorysetup-bucket-allocator-block-size=33554432"
    "memorysetup-bucket-allocator-block-count=8"
    "memorysetup-main-allocator-block-size=16777216"
    "memorysetup-thread-allocator-block-size=16777216"
    "memorysetup-gfx-main-allocator-block-size=16777216"
    "memorysetup-gfx-thread-allocator-block-size=16777216"
    "memorysetup-cache-allocator-block-size=4194304"
    "memorysetup-typetree-allocator-block-size=2097152"
    "memorysetup-profiler-bucket-allocator-granularity=16"
    "memorysetup-profiler-bucket-allocator-bucket-count=8"
    "memorysetup-profiler-bucket-allocator-block-size=33554432"
    "memorysetup-profiler-bucket-allocator-block-count=8"
    "memorysetup-profiler-allocator-block-size=16777216"
    "memorysetup-profiler-editor-allocator-block-size=1048576"
    "memorysetup-temp-allocator-size-main=16777216"
    "memorysetup-job-temp-allocator-block-size=2097152"
    "memorysetup-job-temp-allocator-block-size-background=1048576"
    "memorysetup-job-temp-allocator-reduction-small-platforms=262144"
    "memorysetup-allocator-temp-initial-block-size-main=262144"
    "memorysetup-allocator-temp-initial-block-size-worker=262144"
    "memorysetup-temp-allocator-size-background-worker=32768"
    "memorysetup-temp-allocator-size-job-worker=262144"
    "memorysetup-temp-allocator-size-preload-manager=33554432"
    "memorysetup-temp-allocator-size-nav-mesh-worker=65536"
    "memorysetup-temp-allocator-size-audio-worker=65536"
    "memorysetup-temp-allocator-size-cloud-worker=32768"
    "memorysetup-temp-allocator-size-gi-baking-worker=262144"
    "memorysetup-temp-allocator-size-gfx=262144"
Player connection [8755045632] Host "[IP] 10.0.0.94 [Port] 0 [Flags] 2 [Guid] 2371516685 [EditorId] 2371516685 [Version] 1048832 [Id] OSXEditor(0,MacBook-Air-5.local) [Debug] 1 [PackageName] OSXEditor [ProjectName] Editor" joined multi-casting on [225.0.0.222:54997]...

Player connection [8755045632] Host "[IP] 10.0.0.94 [Port] 0 [Flags] 2 [Guid] 2371516685 [EditorId] 2371516685 [Version] 1048832 [Id] OSXEditor(0,MacBook-Air-5.local) [Debug] 1 [PackageName] OSXEditor [ProjectName] Editor" joined alternative multi-casting on [225.0.0.222:34997]...

[Physics::Module] Initialized MultithreadedJobDispatcher with 7 workers.
Refreshing native plugins compatible for Editor in 23.82 ms, found 3 plugins.
Preloading 1 native plugins for Editor in 11.80 ms.
Initialize engine version: 2022.3.8f1 (b5eafc012955)
[Subsystems] Discovering subsystems at path /Applications/Unity/Hub/Editor/2022.3.8f1/Unity.app/Contents/Resources/UnitySubsystems
[Subsystems] Discovering subsystems at path /Users/gingerC/XR Decal/morgue/Assets
GfxDevice: creating device client; threaded=0; jobified=0
 preferred device: Apple M1 (high power)
Metal devices available: 1
0: Apple M1 (high power)
Using device Apple M1 (high power)
Initializing Metal device caps: Apple M1
Initialize mono
Mono path[0] = '/Applications/Unity/Hub/Editor/2022.3.8f1/Unity.app/Contents/Managed'
Mono path[1] = '/Applications/Unity/Hub/Editor/2022.3.8f1/Unity.app/Contents/MonoBleedingEdge/lib/mono/unityjit-macos'
Mono config path = '/Applications/Unity/Hub/Editor/2022.3.8f1/Unity.app/Contents/MonoBleedingEdge/etc'
Using monoOptions --debugger-agent=transport=dt_socket,embedding=1,server=y,suspend=n,address=127.0.0.1:56561
Begin MonoManager ReloadAssembly
Registering precompiled unity dll's ...
Register platform support module: /Applications/Unity/Hub/Editor/2022.3.8f1/PlaybackEngines/WebGLSupport/UnityEditor.WebGL.Extensions.dll
Register platform support module: /Applications/Unity/Hub/Editor/2022.3.8f1/Unity.app/Contents/PlaybackEngines/MacStandaloneSupport/UnityEditor.OSXStandalone.Extensions.dll
Register platform support module: /Applications/Unity/Hub/Editor/2022.3.8f1/PlaybackEngines/AndroidPlayer/UnityEditor.Android.Extensions.dll
Registered in 0.013317 seconds.
- Loaded All Assemblies, in  0.608 seconds
Native extension for Android target not found
Android Extension - Scanning For ADB Devices 159 ms
Native extension for OSXStandalone target not found
Native extension for WebGL target not found
Mono: successfully reloaded assembly
- Finished resetting the current domain, in  0.621 seconds
Domain Reload Profiling: 1228ms
	BeginReloadAssembly (131ms)
		ExecutionOrderSort (0ms)
		DisableScriptedObjects (0ms)
		BackupInstance (0ms)
		ReleaseScriptingObjects (0ms)
		CreateAndSetChildDomain (1ms)
	RebuildCommonClasses (57ms)
	RebuildNativeTypeToScriptingClass (27ms)
	initialDomainReloadingComplete (113ms)
	LoadAllAssembliesAndSetupDomain (279ms)
		LoadAssemblies (132ms)
		RebuildTransferFunctionScriptingTraits (0ms)
		AnalyzeDomain (274ms)
			TypeCache.Refresh (272ms)
				TypeCache.ScanAssembly (246ms)
			ScanForSourceGeneratedMonoScriptInfo (1ms)
			ResolveRequiredComponents (1ms)
	FinalizeReload (622ms)
		ReleaseScriptCaches (0ms)
		RebuildScriptCaches (0ms)
		SetupLoadedEditorAssemblies (530ms)
			LogAssemblyErrors (0ms)
			InitializePlatformSupportModulesInManaged (351ms)
			SetLoadedEditorAssemblies (5ms)
			RefreshPlugins (0ms)
			BeforeProcessingInitializeOnLoad (2ms)
			ProcessInitializeOnLoadAttributes (119ms)
			ProcessInitializeOnLoadMethodAttributes (52ms)
			AfterProcessingInitializeOnLoad (0ms)
			EditorAssembliesLoaded (0ms)
		ExecutionOrderSort2 (0ms)
		AwakeInstancesAfterBackupRestoration (0ms)
========================================================================
Worker process is ready to serve import requests
Begin MonoManager ReloadAssembly
- Loaded All Assemblies, in  1.161 seconds
Refreshing native plugins compatible for Editor in 5.24 ms, found 3 plugins.
Native extension for Android target not found
Native extension for OSXStandalone target not found
Native extension for WebGL target not found
Package Manager log level set to [2]
[Package Manager] Server::EnsureServerProcessIsRunning -- launch failed, reason: Unity was launched with the -noUpm command-line argument
[Package Manager] UpmClient::Send -- Unable to send message (not connected to UPM process).
[Package Manager] Cannot connect to Unity Package Manager local server
[Package Manager] Server::EnsureServerProcessIsRunning -- launch failed, reason: Unity was launched with the -noUpm command-line argument
[Package Manager] UpmClient::Send -- Unable to send message (not connected to UPM process).
[Package Manager] Cannot connect to Unity Package Manager local server
Mono: successfully reloaded assembly
[Package Manager] Server::EnsureServerProcessIsRunning -- launch failed, reason: Unity was launched with the -noUpm command-line argument
[Package Manager] UpmClient::Send -- Unable to send message (not connected to UPM process).
[Package Manager] Cannot connect to Unity Package Manager local server
[Package Manager] Server::EnsureServerProcessIsRunning -- launch failed, reason: Unity was launched with the -noUpm command-line argument
[Package Manager] UpmClient::Send -- Unable to send message (not connected to UPM process).
[Package Manager] Cannot connect to Unity Package Manager local server
- Finished resetting the current domain, in  1.061 seconds
Domain Reload Profiling: 2224ms
	BeginReloadAssembly (180ms)
		ExecutionOrderSort (0ms)
		DisableScriptedObjects (8ms)
		BackupInstance (0ms)
		ReleaseScriptingObjects (0ms)
		CreateAndSetChildDomain (34ms)
	RebuildCommonClasses (57ms)
	RebuildNativeTypeToScriptingClass (21ms)
	initialDomainReloadingComplete (63ms)
	LoadAllAssembliesAndSetupDomain (841ms)
		LoadAssemblies (536ms)
		RebuildTransferFunctionScriptingTraits (0ms)
		AnalyzeDomain (382ms)
			TypeCache.Refresh (338ms)
				TypeCache.ScanAssembly (288ms)
			ScanForSourceGeneratedMonoScriptInfo (29ms)
			ResolveRequiredComponents (13ms)
	FinalizeReload (1062ms)
		ReleaseScriptCaches (0ms)
		RebuildScriptCaches (0ms)
		SetupLoadedEditorAssemblies (737ms)
			LogAssemblyErrors (0ms)
			InitializePlatformSupportModulesInManaged (39ms)
			SetLoadedEditorAssemblies (6ms)
			RefreshPlugins (0ms)
			BeforeProcessingInitializeOnLoad (102ms)
			ProcessInitializeOnLoadAttributes (558ms)
			ProcessInitializeOnLoadMethodAttributes (29ms)
			AfterProcessingInitializeOnLoad (3ms)
			EditorAssembliesLoaded (0ms)
		ExecutionOrderSort2 (0ms)
		AwakeInstancesAfterBackupRestoration (9ms)
Launching external process: /Applications/Unity/Hub/Editor/2022.3.8f1/Unity.app/Contents/Tools/UnityShaderCompiler
Launched and connected shader compiler UnityShaderCompiler after 0.14 seconds
Refreshing native plugins compatible for Editor in 4.34 ms, found 3 plugins.
Preloading 1 native plugins for Editor in 0.48 ms.
Unloading 4230 Unused Serialized files (Serialized files now loaded: 0)
Unloading 48 unused Assets / (51.7 KB). Loaded Objects now: 4701.
Memory consumption went from 151.8 MB to 151.7 MB.
Total: 6.181167 ms (FindLiveObjects: 0.248125 ms CreateObjectMapping: 0.149083 ms MarkObjects: 5.612333 ms  DeleteObjects: 0.170708 ms)

AssetImportParameters requested are different than current active one (requested -> active):
  custom:container-demuxer-ogg: 62fdf1f143b41e24485cea50d1cbac27 -> 
  custom:video-decoder-ogg-theora: a1e56fd34408186e4bbccfd4996cb3dc -> 
  custom:CustomObjectIndexerAttribute: 756ad292c208cfabdd7b50bc23989ffe -> 
  custom:container-demuxer-webm: 4f35f7cbe854078d1ac9338744f61a02 -> 
  custom:container-muxer-webm: aa71ff27fc2769a1b78a27578f13a17b -> 
  custom:video-decoder-webm-vp8: 9c59270c3fd7afecdb556c50c9e8de78 -> 
  custom:SearchIndexIgnoredProperties: e643bd26f0fe6173181afceb89e7c659 -> 
  custom:AudioImporter_EditorPlatform: 3918e3fc78b5a79bad01e8451be0beb8 -> 
  custom:framework-osx-AVFoundation: e770b220cccbd017edd2c1fefb359320 -> 
  custom:video-encoder-webm-vp8: eb34c28f22e8b96e1ab97ce403110664 -> 
  custom:audio-decoder-ogg-vorbis: bf7c407c2cedff20999df2af8eb42d56 -> 
  custom:audio-encoder-webm-vorbis: bf7c407c2cedff20999df2af8eb42d56 -> 
========================================================================
Received Import Request.
  Time since last request: 679055.258991 seconds.
  path: Assets/Clipboard/Prefab/Clipboard.prefab
  artifactKey: Guid(72653085a6b827f48b10b434c7972f1c) Importer(815301076,1909f56bfc062723c751e8b465ee728b)
Start importing Assets/Clipboard/Prefab/Clipboard.prefab using Guid(72653085a6b827f48b10b434c7972f1c) Importer(815301076,1909f56bfc062723c751e8b465ee728b)  -> (artifact id: 'ef54331bb3a73043dfc593bbf7c1bb99') in 1.560444 seconds
Number of updated asset objects reloaded before import = 0
Number of asset objects unloaded after import = 26
========================================================================
Received Import Request.
  Time since last request: 374.632476 seconds.
  path: Assets/Horror Assets/Prefabs/HorrorDoll.prefab
  artifactKey: Guid(848098b20205e584ba1d61f0ce0ffb61) Importer(815301076,1909f56bfc062723c751e8b465ee728b)
Start importing Assets/Horror Assets/Prefabs/HorrorDoll.prefab using Guid(848098b20205e584ba1d61f0ce0ffb61) Importer(815301076,1909f56bfc062723c751e8b465ee728b)  -> (artifact id: 'c72e4eaf73a7d686f9a057834f3913b1') in 0.232426 seconds
Number of updated asset objects reloaded before import = 0
Number of asset objects unloaded after import = 12
========================================================================
Received Import Request.
  Time since last request: 0.000068 seconds.
  path: Assets/Horror Assets/Prefabs/WheelChair.prefab
  artifactKey: Guid(bfe9900043c59b04ab9e2d58f97d900a) Importer(815301076,1909f56bfc062723c751e8b465ee728b)
Start importing Assets/Horror Assets/Prefabs/WheelChair.prefab using Guid(bfe9900043c59b04ab9e2d58f97d900a) Importer(815301076,1909f56bfc062723c751e8b465ee728b)  -> (artifact id: 'c533afb3d44896bd1fcadce314fa5da5') in 0.025827 seconds
Number of updated asset objects reloaded before import = 0
Number of asset objects unloaded after import = 12
========================================================================
Received Import Request.
  Time since last request: 0.000182 seconds.
  path: Assets/Horror Assets/Prefabs/Painting.prefab
  artifactKey: Guid(fe1b63d21d56ace418395e7a2fa4fea0) Importer(815301076,1909f56bfc062723c751e8b465ee728b)
Start importing Assets/Horror Assets/Prefabs/Painting.prefab using Guid(fe1b63d21d56ace418395e7a2fa4fea0) Importer(815301076,1909f56bfc062723c751e8b465ee728b)  -> (artifact id: 'd1926b460e0a527f509b80ce198af787') in 0.021743 seconds
Number of updated asset objects reloaded before import = 0
Number of asset objects unloaded after import = 12
========================================================================
Received Import Request.
  Time since last request: 0.000072 seconds.
  path: Assets/Horror Assets/Prefabs/RockingChair.prefab
  artifactKey: Guid(69cb242a1fba74349a02ddb98db59c0b) Importer(815301076,1909f56bfc062723c751e8b465ee728b)
Start importing Assets/Horror Assets/Prefabs/RockingChair.prefab using Guid(69cb242a1fba74349a02ddb98db59c0b) Importer(815301076,1909f56bfc062723c751e8b465ee728b)  -> (artifact id: '726d4f291dd26cd5aa903488eea545de') in 0.017185 seconds
Number of updated asset objects reloaded before import = 0
Number of asset objects unloaded after import = 12
========================================================================
Received Import Request.
  Time since last request: 261.504212 seconds.
  path: Assets/Morgue Room PBR/Prefabs/props/bonesaw.prefab
  artifactKey: Guid(9d8dcfc962f6a894ca2095893a24cf07) Importer(815301076,1909f56bfc062723c751e8b465ee728b)
Start importing Assets/Morgue Room PBR/Prefabs/props/bonesaw.prefab using Guid(9d8dcfc962f6a894ca2095893a24cf07) Importer(815301076,1909f56bfc062723c751e8b465ee728b)  -> (artifact id: '4096429bebeecf143032d54fe1ada7f0') in 0.346143 seconds
Number of updated asset objects reloaded before import = 0
Number of asset objects unloaded after import = 8
========================================================================
Received Import Request.
  Time since last request: 0.000048 seconds.
  path: Assets/Morgue Room PBR/Prefabs/props/steel_worktop.prefab
  artifactKey: Guid(16ad736c6eda94c449cc0b04719b3c66) Importer(815301076,1909f56bfc062723c751e8b465ee728b)
Start importing Assets/Morgue Room PBR/Prefabs/props/steel_worktop.prefab using Guid(16ad736c6eda94c449cc0b04719b3c66) Importer(815301076,1909f56bfc062723c751e8b465ee728b)  -> (artifact id: 'aff16b35c9348ba941258c608b6ec5a3') in 0.015826 seconds
Number of updated asset objects reloaded before import = 0
Number of asset objects unloaded after import = 12
========================================================================
Received Import Request.
  Time since last request: 0.000048 seconds.
  path: Assets/Morgue Room PBR/Prefabs/props/instrument_tray.prefab
  artifactKey: Guid(f590c878ed049d94397214b04738d983) Importer(815301076,1909f56bfc062723c751e8b465ee728b)
Start importing Assets/Morgue Room PBR/Prefabs/props/instrument_tray.prefab using Guid(f590c878ed049d94397214b04738d983) Importer(815301076,1909f56bfc062723c751e8b465ee728b)  -> (artifact id: 'a76d0814483e138796a283356db84193') in 0.036837 seconds
Number of updated asset objects reloaded before import = 0
Number of asset objects unloaded after import = 12
========================================================================
Received Import Request.
  Time since last request: 0.000117 seconds.
  path: Assets/Morgue Room PBR/Prefabs/props/pencil.prefab
  artifactKey: Guid(e74e546c0dc2e68429a1bdd74b45709e) Importer(815301076,1909f56bfc062723c751e8b465ee728b)
Start importing Assets/Morgue Room PBR/Prefabs/props/pencil.prefab using Guid(e74e546c0dc2e68429a1bdd74b45709e) Importer(815301076,1909f56bfc062723c751e8b465ee728b)  -> (artifact id: '9919a884f5287466150db00a2515c645') in 0.504942 seconds
Number of updated asset objects reloaded before import = 0
Number of asset objects unloaded after import = 11
========================================================================
Received Import Request.
  Time since last request: 0.000096 seconds.
  path: Assets/Morgue Room PBR/Prefabs/props/desk_chair.prefab
  artifactKey: Guid(707c8e73e995723438a43fc2201d7493) Importer(815301076,1909f56bfc062723c751e8b465ee728b)
Start importing Assets/Morgue Room PBR/Prefabs/props/desk_chair.prefab using Guid(707c8e73e995723438a43fc2201d7493) Importer(815301076,1909f56bfc062723c751e8b465ee728b)  -> (artifact id: 'e4be89d09d9b318b9cbbbca4fa6236df') in 0.031376 seconds
Number of updated asset objects reloaded before import = 0
Number of asset objects unloaded after import = 23
========================================================================
Received Import Request.
  Time since last request: 0.000418 seconds.
  path: Assets/Morgue Room PBR/Prefabs/props/pencil_holder.prefab
  artifactKey: Guid(69e2513b7eb2a5a4e9e6e57f72a30362) Importer(815301076,1909f56bfc062723c751e8b465ee728b)
Start importing Assets/Morgue Room PBR/Prefabs/props/pencil_holder.prefab using Guid(69e2513b7eb2a5a4e9e6e57f72a30362) Importer(815301076,1909f56bfc062723c751e8b465ee728b)  -> (artifact id: '8bf01b314422137d2f60a8b778e71ab2') in 0.011075 seconds
Number of updated asset objects reloaded before import = 0
Number of asset objects unloaded after import = 11
========================================================================
Received Import Request.
  Time since last request: 0.000369 seconds.
  path: Assets/Morgue Room PBR/Prefabs/props/brain.prefab
  artifactKey: Guid(434417b606fbffd4da5311a70a4dd1da) Importer(815301076,1909f56bfc062723c751e8b465ee728b)
Start importing Assets/Morgue Room PBR/Prefabs/props/brain.prefab using Guid(434417b606fbffd4da5311a70a4dd1da) Importer(815301076,1909f56bfc062723c751e8b465ee728b)  -> (artifact id: 'b2a2b8105d605c76fe520c0fd28c49ce') in 0.573947 seconds
Number of updated asset objects reloaded before import = 0
Number of asset objects unloaded after import = 12
========================================================================
Received Import Request.
  Time since last request: 0.000209 seconds.
  path: Assets/Morgue Room PBR/Prefabs/props/shelf.prefab
  artifactKey: Guid(79646652f63865f4185986c750a93b72) Importer(815301076,1909f56bfc062723c751e8b465ee728b)
Start importing Assets/Morgue Room PBR/Prefabs/props/shelf.prefab using Guid(79646652f63865f4185986c750a93b72) Importer(815301076,1909f56bfc062723c751e8b465ee728b)  -> (artifact id: 'c8c550cae5c8f6e3351b003384269447') in 0.013459 seconds
Number of updated asset objects reloaded before import = 0
Number of asset objects unloaded after import = 12
========================================================================
Received Import Request.
  Time since last request: 0.000063 seconds.
  path: Assets/Morgue Room PBR/Prefabs/props/writing_board.prefab
  artifactKey: Guid(1e2caec477e1efa4ba16ee65a0fa358e) Importer(815301076,1909f56bfc062723c751e8b465ee728b)
Start importing Assets/Morgue Room PBR/Prefabs/props/writing_board.prefab using Guid(1e2caec477e1efa4ba16ee65a0fa358e) Importer(815301076,1909f56bfc062723c751e8b465ee728b)  -> (artifact id: '0c477e368071396e14ae08a9e6d3d88d') in 0.014396 seconds
Number of updated asset objects reloaded before import = 0
Number of asset objects unloaded after import = 12
========================================================================
Received Import Request.
  Time since last request: 0.000067 seconds.
  path: Assets/Morgue Room PBR/Prefabs/props/corpse_drawer.prefab
  artifactKey: Guid(e8844f0074e08e146ac42fb5eaeab3db) Importer(815301076,1909f56bfc062723c751e8b465ee728b)
Start importing Assets/Morgue Room PBR/Prefabs/props/corpse_drawer.prefab using Guid(e8844f0074e08e146ac42fb5eaeab3db) Importer(815301076,1909f56bfc062723c751e8b465ee728b)  -> (artifact id: 'fe13a74941a7af97f90e0e1238d9233e') in 0.019948 seconds
Number of updated asset objects reloaded before import = 0
Number of asset objects unloaded after import = 29
========================================================================
Received Import Request.
  Time since last request: 0.000113 seconds.
  path: Assets/Morgue Room PBR/Prefabs/props/notebook.prefab
  artifactKey: Guid(92794c55695387544b0181380f46d6ec) Importer(815301076,1909f56bfc062723c751e8b465ee728b)
Start importing Assets/Morgue Room PBR/Prefabs/props/notebook.prefab using Guid(92794c55695387544b0181380f46d6ec) Importer(815301076,1909f56bfc062723c751e8b465ee728b)  -> (artifact id: '2c8b875a722115a17a9b43552026ed7f') in 0.008054 seconds
Number of updated asset objects reloaded before import = 0
Number of asset objects unloaded after import = 11
========================================================================
Received Import Request.
  Time since last request: 0.000117 seconds.
  path: Assets/Morgue Room PBR/Prefabs/props/organ_scale.prefab
  artifactKey: Guid(99272484fea26594a8ed43992df88cc8) Importer(815301076,1909f56bfc062723c751e8b465ee728b)
Start importing Assets/Morgue Room PBR/Prefabs/props/organ_scale.prefab using Guid(99272484fea26594a8ed43992df88cc8) Importer(815301076,1909f56bfc062723c751e8b465ee728b)  -> (artifact id: '7fa85ff5d58fe16ec46efa191afcac4a') in 0.015935 seconds
Number of updated asset objects reloaded before import = 0
Number of asset objects unloaded after import = 13
========================================================================
Received Import Request.
  Time since last request: 0.000060 seconds.
  path: Assets/Morgue Room PBR/Prefabs/props/trash_can.prefab
  artifactKey: Guid(6b2098cbc1fd4384da8ca063c3d4eb24) Importer(815301076,1909f56bfc062723c751e8b465ee728b)
Start importing Assets/Morgue Room PBR/Prefabs/props/trash_can.prefab using Guid(6b2098cbc1fd4384da8ca063c3d4eb24) Importer(815301076,1909f56bfc062723c751e8b465ee728b)  -> (artifact id: '0abd2adf0da39688fb06a978b5fd2b6e') in 0.014659 seconds
Number of updated asset objects reloaded before import = 0
Number of asset objects unloaded after import = 12
========================================================================
Received Import Request.
  Time since last request: 0.000101 seconds.
  path: Assets/Morgue Room PBR/Prefabs/props/glass_jar.prefab
  artifactKey: Guid(f531eff400a90054dbf121fa394b2965) Importer(815301076,1909f56bfc062723c751e8b465ee728b)
Start importing Assets/Morgue Room PBR/Prefabs/props/glass_jar.prefab using Guid(f531eff400a90054dbf121fa394b2965) Importer(815301076,1909f56bfc062723c751e8b465ee728b)  -> (artifact id: 'fa4c24dfd3c872bb329cf61ca904ceee') in 0.544172 seconds
Number of updated asset objects reloaded before import = 0
Number of asset objects unloaded after import = 11
========================================================================
Received Import Request.
  Time since last request: 47.492791 seconds.
  path: Assets/Morgue Room PBR/Prefabs/ceiling/floor_ceiling_4x16.prefab
  artifactKey: Guid(f65556bc90a56424ababdc3e2af29931) Importer(815301076,1909f56bfc062723c751e8b465ee728b)
Start importing Assets/Morgue Room PBR/Prefabs/ceiling/floor_ceiling_4x16.prefab using Guid(f65556bc90a56424ababdc3e2af29931) Importer(815301076,1909f56bfc062723c751e8b465ee728b)  -> (artifact id: 'b447b9165a45eda3bed31468e4ea1793') in 0.016159 seconds
Number of updated asset objects reloaded before import = 0
Number of asset objects unloaded after import = 12
========================================================================
Received Import Request.
  Time since last request: 0.000214 seconds.
  path: Assets/Morgue Room PBR/Prefabs/ceiling/floor_ceiling_8x8.prefab
  artifactKey: Guid(afb3a810580d951408d34206296996c1) Importer(815301076,1909f56bfc062723c751e8b465ee728b)
Start importing Assets/Morgue Room PBR/Prefabs/ceiling/floor_ceiling_8x8.prefab using Guid(afb3a810580d951408d34206296996c1) Importer(815301076,1909f56bfc062723c751e8b465ee728b)  -> (artifact id: 'a4670eb5a2393aad3939b35bc39dd9d9') in 0.010485 seconds
Number of updated asset objects reloaded before import = 0
Number of asset objects unloaded after import = 12
========================================================================
Received Import Request.
  Time since last request: 84.153977 seconds.
  path: Assets/Models/School Supplies/Notepad.prefab
  artifactKey: Guid(00931e932c93cef48ae2d8cc87408c66) Importer(815301076,1909f56bfc062723c751e8b465ee728b)
Start importing Assets/Models/School Supplies/Notepad.prefab using Guid(00931e932c93cef48ae2d8cc87408c66) Importer(815301076,1909f56bfc062723c751e8b465ee728b)  -> (artifact id: '5a39860a1dde318c760e0c565b99a148') in 0.433422 seconds
Number of updated asset objects reloaded before import = 0
Number of asset objects unloaded after import = 22
========================================================================
Received Import Request.
  Time since last request: 0.001862 seconds.
  path: Assets/Models/School Supplies/Pencil.prefab
  artifactKey: Guid(acd1035e6037f5340b25cdc9d4460022) Importer(815301076,1909f56bfc062723c751e8b465ee728b)
Start importing Assets/Models/School Supplies/Pencil.prefab using Guid(acd1035e6037f5340b25cdc9d4460022) Importer(815301076,1909f56bfc062723c751e8b465ee728b)  -> (artifact id: 'e10c7efa2bbfd3dae7f3b7f24835cf7e') in 0.539540 seconds
Number of updated asset objects reloaded before import = 0
Number of asset objects unloaded after import = 11
========================================================================
Received Import Request.
  Time since last request: 2.739988 seconds.
  path: Assets/Models/School Supplies/Models/notepad.fbx
  artifactKey: Guid(90e7b33988731de488c67b97e8b8f3be) Importer(815301076,1909f56bfc062723c751e8b465ee728b)
Start importing Assets/Models/School Supplies/Models/notepad.fbx using Guid(90e7b33988731de488c67b97e8b8f3be) Importer(815301076,1909f56bfc062723c751e8b465ee728b)  -> (artifact id: 'd089afe336558b30611b692a4b2383b0') in 0.146081 seconds
Number of updated asset objects reloaded before import = 0
Number of asset objects unloaded after import = 20
========================================================================
Received Import Request.
  Time since last request: 122.308018 seconds.
  path: Assets/Models/School Supplies/Demo Scene/showroom.obj
  artifactKey: Guid(642ac6d675d2202439c1d9507bacb64a) Importer(815301076,1909f56bfc062723c751e8b465ee728b)
Start importing Assets/Models/School Supplies/Demo Scene/showroom.obj using Guid(642ac6d675d2202439c1d9507bacb64a) Importer(815301076,1909f56bfc062723c751e8b465ee728b)  -> (artifact id: 'bdcae2480cc879dcef7f668cedd2d9c2') in 0.039843 seconds
Number of updated asset objects reloaded before import = 0
Number of asset objects unloaded after import = 9
========================================================================
Received Import Request.
  Time since last request: 7.076953 seconds.
  path: Assets/Morgue Room PBR/Models/props/bonesaw.fbx
  artifactKey: Guid(5aabc211bb2fe2046949fd5810609edd) Importer(815301076,1909f56bfc062723c751e8b465ee728b)
Start importing Assets/Morgue Room PBR/Models/props/bonesaw.fbx using Guid(5aabc211bb2fe2046949fd5810609edd) Importer(815301076,1909f56bfc062723c751e8b465ee728b)  -> (artifact id: '05b1d50f49a6bc0aa75fdfbd7ed8f4f3') in 0.011296 seconds
Number of updated asset objects reloaded before import = 0
Number of asset objects unloaded after import = 8
========================================================================
Received Import Request.
  Time since last request: 0.000050 seconds.
  path: Assets/Morgue Room PBR/Models/props/table.fbx
  artifactKey: Guid(58cf8ac42b2298e4592a0da8e4860bcb) Importer(815301076,1909f56bfc062723c751e8b465ee728b)
Start importing Assets/Morgue Room PBR/Models/props/table.fbx using Guid(58cf8ac42b2298e4592a0da8e4860bcb) Importer(815301076,1909f56bfc062723c751e8b465ee728b)  -> (artifact id: '87c2f201b7908965bf158c72e62ff500') in 0.009346 seconds
Number of updated asset objects reloaded before import = 0
Number of asset objects unloaded after import = 8
========================================================================
Received Import Request.
  Time since last request: 0.000116 seconds.
  path: Assets/Morgue Room PBR/Models/props/desk_lamp.fbx
  artifactKey: Guid(0c053e006a01e754d8ce5c867bca5263) Importer(815301076,1909f56bfc062723c751e8b465ee728b)
Start importing Assets/Morgue Room PBR/Models/props/desk_lamp.fbx using Guid(0c053e006a01e754d8ce5c867bca5263) Importer(815301076,1909f56bfc062723c751e8b465ee728b)  -> (artifact id: '08548388433a632291de03cf5eb498e0') in 0.021319 seconds
Number of updated asset objects reloaded before import = 0
Number of asset objects unloaded after import = 26
========================================================================
Received Import Request.
  Time since last request: 0.000225 seconds.
  path: Assets/Morgue Room PBR/Models/props/scissors.fbx
  artifactKey: Guid(cbfbe6727ccb8e8468b2c0ea0164180e) Importer(815301076,1909f56bfc062723c751e8b465ee728b)
Start importing Assets/Morgue Room PBR/Models/props/scissors.fbx using Guid(cbfbe6727ccb8e8468b2c0ea0164180e) Importer(815301076,1909f56bfc062723c751e8b465ee728b)  -> (artifact id: '7665179c1d3e22172afa43d1a76f81a4') in 0.009465 seconds
Number of updated asset objects reloaded before import = 0
Number of asset objects unloaded after import = 8
========================================================================
Received Import Request.
  Time since last request: 0.000079 seconds.
  path: Assets/Morgue Room PBR/Models/props/scalp.fbx
  artifactKey: Guid(0debffa88d0f634479ff49c3a89bad3d) Importer(815301076,1909f56bfc062723c751e8b465ee728b)
Start importing Assets/Morgue Room PBR/Models/props/scalp.fbx using Guid(0debffa88d0f634479ff49c3a89bad3d) Importer(815301076,1909f56bfc062723c751e8b465ee728b)  -> (artifact id: '2959f66f63503d6754803b22247ab34c') in 0.012155 seconds
Number of updated asset objects reloaded before import = 0
Number of asset objects unloaded after import = 8
========================================================================
Received Import Request.
  Time since last request: 0.000094 seconds.
  path: Assets/Morgue Room PBR/Models/props/ceiling_light.fbx
  artifactKey: Guid(b507a5d1207b3234b9f89fbee151dda8) Importer(815301076,1909f56bfc062723c751e8b465ee728b)
Start importing Assets/Morgue Room PBR/Models/props/ceiling_light.fbx using Guid(b507a5d1207b3234b9f89fbee151dda8) Importer(815301076,1909f56bfc062723c751e8b465ee728b)  -> (artifact id: '1734308b0c89c86ba46bb65c02ab5f99') in 0.009570 seconds
Number of updated asset objects reloaded before import = 0
Number of asset objects unloaded after import = 8
========================================================================
Received Import Request.
  Time since last request: 0.000109 seconds.
  path: Assets/Morgue Room PBR/Models/props/cabinet.fbx
  artifactKey: Guid(ac5f068a709e6da4680155fb75dadb02) Importer(815301076,1909f56bfc062723c751e8b465ee728b)
Start importing Assets/Morgue Room PBR/Models/props/cabinet.fbx using Guid(ac5f068a709e6da4680155fb75dadb02) Importer(815301076,1909f56bfc062723c751e8b465ee728b)  -> (artifact id: '9a90e17a268ca91f2bbd83765fe09db2') in 0.028703 seconds
Number of updated asset objects reloaded before import = 0
Number of asset objects unloaded after import = 20
========================================================================
Received Import Request.
  Time since last request: 0.000039 seconds.
  path: Assets/Morgue Room PBR/Models/props/glass_jar.fbx
  artifactKey: Guid(53860372cc9c1a24399934d563a7f11f) Importer(815301076,1909f56bfc062723c751e8b465ee728b)
Start importing Assets/Morgue Room PBR/Models/props/glass_jar.fbx using Guid(53860372cc9c1a24399934d563a7f11f) Importer(815301076,1909f56bfc062723c751e8b465ee728b)  -> (artifact id: '9ab524f2f6d047dac81c92bf280eaa6d') in 0.010950 seconds
Number of updated asset objects reloaded before import = 0
Number of asset objects unloaded after import = 8
========================================================================
Received Import Request.
  Time since last request: 0.000388 seconds.
  path: Assets/Morgue Room PBR/Models/props/shelf.fbx
  artifactKey: Guid(6620c10331eecca4981d07e713416ccf) Importer(815301076,1909f56bfc062723c751e8b465ee728b)
Start importing Assets/Morgue Room PBR/Models/props/shelf.fbx using Guid(6620c10331eecca4981d07e713416ccf) Importer(815301076,1909f56bfc062723c751e8b465ee728b)  -> (artifact id: '772eb7113b65937382f5e230e606e821') in 0.010662 seconds
Number of updated asset objects reloaded before import = 0
Number of asset objects unloaded after import = 8
========================================================================
Received Import Request.
  Time since last request: 0.000500 seconds.
  path: Assets/Morgue Room PBR/Models/props/instrument_tray.fbx
  artifactKey: Guid(0100db3e890c43d4095696b6887b744b) Importer(815301076,1909f56bfc062723c751e8b465ee728b)
Start importing Assets/Morgue Room PBR/Models/props/instrument_tray.fbx using Guid(0100db3e890c43d4095696b6887b744b) Importer(815301076,1909f56bfc062723c751e8b465ee728b)  -> (artifact id: '2eea57bf513a3e918138bcf84d5cfc32') in 0.010793 seconds
Number of updated asset objects reloaded before import = 0
Number of asset objects unloaded after import = 8
========================================================================
Received Import Request.
  Time since last request: 0.000271 seconds.
  path: Assets/Morgue Room PBR/Models/props/metal_sink.fbx
  artifactKey: Guid(e2d0436d36b8a6a4f87a7a978e87f9c2) Importer(815301076,1909f56bfc062723c751e8b465ee728b)
Start importing Assets/Morgue Room PBR/Models/props/metal_sink.fbx using Guid(e2d0436d36b8a6a4f87a7a978e87f9c2) Importer(815301076,1909f56bfc062723c751e8b465ee728b)  -> (artifact id: '1facdcee9dba02ab4bfedc4bc0408d86') in 0.010647 seconds
Number of updated asset objects reloaded before import = 0
Number of asset objects unloaded after import = 8
========================================================================
Received Import Request.
  Time since last request: 0.000178 seconds.
  path: Assets/Morgue Room PBR/Models/props/notebook.fbx
  artifactKey: Guid(7aedcf377a2595a40bcc0f5331df325e) Importer(815301076,1909f56bfc062723c751e8b465ee728b)
Start importing Assets/Morgue Room PBR/Models/props/notebook.fbx using Guid(7aedcf377a2595a40bcc0f5331df325e) Importer(815301076,1909f56bfc062723c751e8b465ee728b)  -> (artifact id: '0044f45fa5de97820895a960033e6f8e') in 0.008306 seconds
Number of updated asset objects reloaded before import = 0
Number of asset objects unloaded after import = 8
========================================================================
Received Import Request.
  Time since last request: 0.000124 seconds.
  path: Assets/Morgue Room PBR/Models/props/steel_worktop.fbx
  artifactKey: Guid(b8d30c9b6630c3f40a5f34be0b271cc8) Importer(815301076,1909f56bfc062723c751e8b465ee728b)
Start importing Assets/Morgue Room PBR/Models/props/steel_worktop.fbx using Guid(b8d30c9b6630c3f40a5f34be0b271cc8) Importer(815301076,1909f56bfc062723c751e8b465ee728b)  -> (artifact id: '80edd81569421d6a665a26603dda58be') in 0.014746 seconds
Number of updated asset objects reloaded before import = 0
Number of asset objects unloaded after import = 8
========================================================================
Received Import Request.
  Time since last request: 0.000049 seconds.
  path: Assets/Morgue Room PBR/Models/props/desk_chair.fbx
  artifactKey: Guid(f616da8b83bfb3541af0dfe8d4a1199a) Importer(815301076,1909f56bfc062723c751e8b465ee728b)
Start importing Assets/Morgue Room PBR/Models/props/desk_chair.fbx using Guid(f616da8b83bfb3541af0dfe8d4a1199a) Importer(815301076,1909f56bfc062723c751e8b465ee728b)  -> (artifact id: '85c270746ddcd1d4aac6e7b682b0e23e') in 0.019650 seconds
Number of updated asset objects reloaded before import = 0
Number of asset objects unloaded after import = 17
